<?xml version="1.0" encoding="UTF-8"?>
<testng-results ignored="0" total="1" passed="1" failed="0" skipped="0">
  <reporter-output>
  </reporter-output>
  <suite started-at="2020-08-19T19:36:18 GMT-04:00" name="Default suite" finished-at="2020-08-19T19:36:19 GMT-04:00" duration-ms="710">
    <groups>
    </groups>
    <test started-at="2020-08-19T19:36:18 GMT-04:00" name="Default test" finished-at="2020-08-19T19:36:19 GMT-04:00" duration-ms="710">
      <class name="APIGetMethodTest.GetApiTest">
        <test-method is-config="true" signature="setUP()[pri:0, instance:APIGetMethodTest.GetApiTest@29215f06]" started-at="2020-08-19T19:36:18 GMT-04:00" name="setUP" finished-at="2020-08-19T19:36:18 GMT-04:00" duration-ms="7" status="PASS">
          <reporter-output>
          </reporter-output>
        </test-method> <!-- setUP -->
        <test-method signature="getAPItest()[pri:0, instance:APIGetMethodTest.GetApiTest@29215f06]" started-at="2020-08-19T19:36:18 GMT-04:00" name="getAPItest" finished-at="2020-08-19T19:36:19 GMT-04:00" duration-ms="643" status="PASS">
          <reporter-output>
          </reporter-output>
        </test-method> <!-- getAPItest -->
      </class> <!-- APIGetMethodTest.GetApiTest -->
    </test> <!-- Default test -->
  </suite> <!-- Default suite -->
</testng-results>
